ARM GAS  C:\Users\zinch\AppData\Local\Temp\cc5sZmeT.s 			page 1


   1              		.syntax unified
   2              		.cpu cortex-m0
   3              		.fpu softvfp
   4              		.eabi_attribute 20, 1
   5              		.eabi_attribute 21, 1
   6              		.eabi_attribute 23, 3
   7              		.eabi_attribute 24, 1
   8              		.eabi_attribute 25, 1
   9              		.eabi_attribute 26, 1
  10              		.eabi_attribute 30, 1
  11              		.eabi_attribute 34, 0
  12              		.eabi_attribute 18, 4
  13              		.thumb
  14              		.syntax unified
  15              		.file	"main.c"
  16              		.text
  17              	.Ltext0:
  18              		.cfi_sections	.debug_frame
  19              		.global	__aeabi_i2f
  20              		.global	__aeabi_f2d
  21              		.section	.text.main,"ax",%progbits
  22              		.align	2
  23              		.global	main
  24              		.code	16
  25              		.thumb_func
  26              		.type	main, %function
  27              	main:
  28              	.LFB36:
  29              		.file 1 "main.c"
   1:main.c        **** /* ========================================
   2:main.c        ****  *
   3:main.c        ****  * Copyright YOUR COMPANY, THE YEAR
   4:main.c        ****  * All Rights Reserved
   5:main.c        ****  * UNPUBLISHED, LICENSED SOFTWARE.
   6:main.c        ****  *
   7:main.c        ****  * CONFIDENTIAL AND PROPRIETARY INFORMATION
   8:main.c        ****  * WHICH IS THE PROPERTY OF your company.
   9:main.c        ****  *
  10:main.c        ****  * ========================================
  11:main.c        **** */
  12:main.c        **** #include "project.h"
  13:main.c        **** #include "stdio.h"
  14:main.c        **** float x = 0;
  15:main.c        **** 
  16:main.c        **** int main(void)
  17:main.c        **** {
  30              		.loc 1 17 0
  31              		.cfi_startproc
  32              		@ args = 0, pretend = 0, frame = 24
  33              		@ frame_needed = 0, uses_anonymous_args = 0
  34 0000 30B5     		push	{r4, r5, lr}
  35              		.cfi_def_cfa_offset 12
  36              		.cfi_offset 4, -12
  37              		.cfi_offset 5, -8
  38              		.cfi_offset 14, -4
  39 0002 87B0     		sub	sp, sp, #28
  40              		.cfi_def_cfa_offset 40
ARM GAS  C:\Users\zinch\AppData\Local\Temp\cc5sZmeT.s 			page 2


  18:main.c        ****     uint16 sliderval;
  19:main.c        ****     uint16 oldsliderval;
  20:main.c        ****     
  21:main.c        ****     CyGlobalIntEnable; /* Enable global interrupts. */
  41              		.loc 1 21 0
  42              		.syntax divided
  43              	@ 21 "main.c" 1
  44 0004 62B6     		CPSIE   i
  45              	@ 0 "" 2
  22:main.c        ****     
  23:main.c        ****     UART_Start();
  46              		.loc 1 23 0
  47              		.thumb
  48              		.syntax unified
  49 0006 FFF7FEFF 		bl	UART_Start
  50              	.LVL0:
  24:main.c        ****     CapSense_Start();
  51              		.loc 1 24 0
  52 000a FFF7FEFF 		bl	CapSense_Start
  53              	.LVL1:
  25:main.c        ****     CapSense_InitializeAllBaselines();
  54              		.loc 1 25 0
  55 000e FFF7FEFF 		bl	CapSense_InitializeAllBaselines
  56              	.LVL2:
  26:main.c        ****     CapSense_ScanEnabledWidgets();
  57              		.loc 1 26 0
  58 0012 FFF7FEFF 		bl	CapSense_ScanEnabledWidgets
  59              	.LVL3:
  27:main.c        ****     ADC_Start();
  60              		.loc 1 27 0
  61 0016 FFF7FEFF 		bl	ADC_Start
  62              	.LVL4:
  63              	.L5:
  64              	.LBB2:
  28:main.c        ****     
  29:main.c        ****    
  30:main.c        ****     
  31:main.c        **** 
  32:main.c        ****     /* Place your initialization/startup code here (e.g. MyInst_Start()) */
  33:main.c        **** 
  34:main.c        ****     for(;;)
  35:main.c        ****     {
  36:main.c        ****         ADC_StartConvert(); 
  65              		.loc 1 36 0
  66 001a FFF7FEFF 		bl	ADC_StartConvert
  67              	.LVL5:
  37:main.c        ****         ADC_IsEndConversion(ADC_WAIT_FOR_RESULT);
  68              		.loc 1 37 0
  69 001e 0220     		movs	r0, #2
  70 0020 FFF7FEFF 		bl	ADC_IsEndConversion
  71              	.LVL6:
  38:main.c        ****         x = ADC_GetResult16(0);
  72              		.loc 1 38 0
  73 0024 0020     		movs	r0, #0
  74 0026 FFF7FEFF 		bl	ADC_GetResult16
  75              	.LVL7:
  76 002a 0400     		movs	r4, r0
ARM GAS  C:\Users\zinch\AppData\Local\Temp\cc5sZmeT.s 			page 3


  77 002c FFF7FEFF 		bl	__aeabi_i2f
  78              	.LVL8:
  79 0030 1D4B     		ldr	r3, .L7
  80 0032 1860     		str	r0, [r3]
  39:main.c        ****         float32 y = ADC_CountsTo_mVolts(0, x);
  81              		.loc 1 39 0
  82 0034 2100     		movs	r1, r4
  83 0036 0020     		movs	r0, #0
  84 0038 FFF7FEFF 		bl	ADC_CountsTo_mVolts
  85              	.LVL9:
  86 003c FFF7FEFF 		bl	__aeabi_i2f
  87              	.LVL10:
  40:main.c        ****         char8 text[20];
  41:main.c        ****         sprintf(text, "%f", y);
  88              		.loc 1 41 0
  89 0040 FFF7FEFF 		bl	__aeabi_f2d
  90              	.LVL11:
  91 0044 0200     		movs	r2, r0
  92 0046 0B00     		movs	r3, r1
  93 0048 1849     		ldr	r1, .L7+4
  94 004a 01A8     		add	r0, sp, #4
  95 004c FFF7FEFF 		bl	sprintf
  96              	.LVL12:
  42:main.c        ****         
  43:main.c        ****         
  44:main.c        ****         UART_UartPutString(text);
  97              		.loc 1 44 0
  98 0050 01A8     		add	r0, sp, #4
  99 0052 FFF7FEFF 		bl	UART_UartPutString
 100              	.LVL13:
  45:main.c        ****         UART_UartPutString("\033[1F");
 101              		.loc 1 45 0
 102 0056 1648     		ldr	r0, .L7+8
 103 0058 FFF7FEFF 		bl	UART_UartPutString
 104              	.LVL14:
  46:main.c        ****         
  47:main.c        ****         if(!CapSense_IsBusy()){
 105              		.loc 1 47 0
 106 005c FFF7FEFF 		bl	CapSense_IsBusy
 107              	.LVL15:
 108 0060 0028     		cmp	r0, #0
 109 0062 DAD1     		bne	.L5
  48:main.c        ****             sliderval = CapSense_GetCentroidPos(CapSense_LINEARSLIDER0__LS);
 110              		.loc 1 48 0
 111 0064 FFF7FEFF 		bl	CapSense_GetCentroidPos
 112              	.LVL16:
 113 0068 0400     		movs	r4, r0
 114              	.LVL17:
  49:main.c        ****             if(sliderval != 0xFFFF && sliderval != oldsliderval) {
 115              		.loc 1 49 0
 116 006a 124A     		ldr	r2, .L7+12
 117 006c 9042     		cmp	r0, r2
 118 006e 16D0     		beq	.L3
 119              		.loc 1 49 0 is_stmt 0 discriminator 1
 120 0070 8542     		cmp	r5, r0
 121 0072 14D0     		beq	.L3
  50:main.c        ****                 if (sliderval < 50) {
ARM GAS  C:\Users\zinch\AppData\Local\Temp\cc5sZmeT.s 			page 4


 122              		.loc 1 50 0 is_stmt 1
 123 0074 3128     		cmp	r0, #49
 124 0076 07D8     		bhi	.L4
  51:main.c        ****                     Green_Write(0u);
 125              		.loc 1 51 0
 126 0078 0020     		movs	r0, #0
 127              	.LVL18:
 128 007a FFF7FEFF 		bl	Green_Write
 129              	.LVL19:
  52:main.c        ****                     Red_Write(1u);
 130              		.loc 1 52 0
 131 007e 0120     		movs	r0, #1
 132 0080 FFF7FEFF 		bl	Red_Write
 133              	.LVL20:
  53:main.c        ****                 }
  54:main.c        ****                 else if (sliderval > 50) {
  55:main.c        ****                     Red_Write(0u);
  56:main.c        ****                     Green_Write(1u);
  57:main.c        ****                 }
  58:main.c        ****                 oldsliderval = sliderval;
 134              		.loc 1 58 0
 135 0084 2500     		movs	r5, r4
 136              	.LVL21:
 137 0086 0AE0     		b	.L3
 138              	.LVL22:
 139              	.L4:
  54:main.c        ****                     Red_Write(0u);
 140              		.loc 1 54 0
 141 0088 3228     		cmp	r0, #50
 142 008a 07D9     		bls	.L6
  55:main.c        ****                     Green_Write(1u);
 143              		.loc 1 55 0
 144 008c 0020     		movs	r0, #0
 145              	.LVL23:
 146 008e FFF7FEFF 		bl	Red_Write
 147              	.LVL24:
  56:main.c        ****                 }
 148              		.loc 1 56 0
 149 0092 0120     		movs	r0, #1
 150 0094 FFF7FEFF 		bl	Green_Write
 151              	.LVL25:
 152              		.loc 1 58 0
 153 0098 2500     		movs	r5, r4
 154              	.LVL26:
 155 009a 00E0     		b	.L3
 156              	.LVL27:
 157              	.L6:
 158 009c 0500     		movs	r5, r0
 159              	.LVL28:
 160              	.L3:
  59:main.c        ****             }
  60:main.c        ****             
  61:main.c        ****             CapSense_UpdateEnabledBaselines();
 161              		.loc 1 61 0
 162 009e FFF7FEFF 		bl	CapSense_UpdateEnabledBaselines
 163              	.LVL29:
  62:main.c        ****             CapSense_ScanEnabledWidgets();
ARM GAS  C:\Users\zinch\AppData\Local\Temp\cc5sZmeT.s 			page 5


 164              		.loc 1 62 0
 165 00a2 FFF7FEFF 		bl	CapSense_ScanEnabledWidgets
 166              	.LVL30:
 167              	.LBE2:
  63:main.c        ****         }
  64:main.c        ****         /* Place your application code here. */
  65:main.c        ****     }
 168              		.loc 1 65 0
 169 00a6 B8E7     		b	.L5
 170              	.L8:
 171              		.align	2
 172              	.L7:
 173 00a8 00000000 		.word	.LANCHOR0
 174 00ac 00000000 		.word	.LC1
 175 00b0 04000000 		.word	.LC3
 176 00b4 FFFF0000 		.word	65535
 177              		.cfi_endproc
 178              	.LFE36:
 179              		.size	main, .-main
 180              		.global	x
 181              		.section	.rodata.str1.4,"aMS",%progbits,1
 182              		.align	2
 183              	.LC1:
 184 0000 256600   		.ascii	"%f\000"
 185 0003 00       		.space	1
 186              	.LC3:
 187 0004 1B5B3146 		.ascii	"\033[1F\000"
 187      00
 188              		.bss
 189              		.align	2
 190              		.set	.LANCHOR0,. + 0
 191              		.type	x, %object
 192              		.size	x, 4
 193              	x:
 194 0000 00000000 		.space	4
 195              		.text
 196              	.Letext0:
 197              		.file 2 "Generated_Source\\PSoC4/cytypes.h"
 198              		.file 3 "Generated_Source\\PSoC4/ADC.h"
 199              		.file 4 "c:\\program files (x86)\\cypress\\psoc creator\\4.4\\psoc creator\\import\\gnu\\arm\\5.4.
 200              		.file 5 "Generated_Source\\PSoC4/UART_SPI_UART.h"
 201              		.file 6 "Generated_Source\\PSoC4/CapSense.h"
 202              		.file 7 "Generated_Source\\PSoC4/CapSense_CSHL.h"
 203              		.file 8 "Generated_Source\\PSoC4/Green.h"
 204              		.file 9 "Generated_Source\\PSoC4/Red.h"
 205              		.file 10 "Generated_Source\\PSoC4/UART.h"
 206              		.section	.debug_info,"",%progbits
 207              	.Ldebug_info0:
 208 0000 0D030000 		.4byte	0x30d
 209 0004 0400     		.2byte	0x4
 210 0006 00000000 		.4byte	.Ldebug_abbrev0
 211 000a 04       		.byte	0x4
 212 000b 01       		.uleb128 0x1
 213 000c 55010000 		.4byte	.LASF36
 214 0010 0C       		.byte	0xc
 215 0011 3A020000 		.4byte	.LASF37
 216 0015 81020000 		.4byte	.LASF38
ARM GAS  C:\Users\zinch\AppData\Local\Temp\cc5sZmeT.s 			page 6


 217 0019 00000000 		.4byte	.Ldebug_ranges0+0
 218 001d 00000000 		.4byte	0
 219 0021 00000000 		.4byte	.Ldebug_line0
 220 0025 02       		.uleb128 0x2
 221 0026 01       		.byte	0x1
 222 0027 06       		.byte	0x6
 223 0028 64020000 		.4byte	.LASF0
 224 002c 02       		.uleb128 0x2
 225 002d 01       		.byte	0x1
 226 002e 08       		.byte	0x8
 227 002f 7D000000 		.4byte	.LASF1
 228 0033 02       		.uleb128 0x2
 229 0034 02       		.byte	0x2
 230 0035 05       		.byte	0x5
 231 0036 46020000 		.4byte	.LASF2
 232 003a 02       		.uleb128 0x2
 233 003b 02       		.byte	0x2
 234 003c 07       		.byte	0x7
 235 003d B5000000 		.4byte	.LASF3
 236 0041 02       		.uleb128 0x2
 237 0042 04       		.byte	0x4
 238 0043 05       		.byte	0x5
 239 0044 37000000 		.4byte	.LASF4
 240 0048 02       		.uleb128 0x2
 241 0049 04       		.byte	0x4
 242 004a 07       		.byte	0x7
 243 004b E3000000 		.4byte	.LASF5
 244 004f 02       		.uleb128 0x2
 245 0050 08       		.byte	0x8
 246 0051 05       		.byte	0x5
 247 0052 2C020000 		.4byte	.LASF6
 248 0056 02       		.uleb128 0x2
 249 0057 08       		.byte	0x8
 250 0058 07       		.byte	0x7
 251 0059 34010000 		.4byte	.LASF7
 252 005d 03       		.uleb128 0x3
 253 005e 04       		.byte	0x4
 254 005f 05       		.byte	0x5
 255 0060 696E7400 		.ascii	"int\000"
 256 0064 02       		.uleb128 0x2
 257 0065 04       		.byte	0x4
 258 0066 07       		.byte	0x7
 259 0067 27010000 		.4byte	.LASF8
 260 006b 04       		.uleb128 0x4
 261 006c 16010000 		.4byte	.LASF9
 262 0070 02       		.byte	0x2
 263 0071 FD01     		.2byte	0x1fd
 264 0073 3A000000 		.4byte	0x3a
 265 0077 04       		.uleb128 0x4
 266 0078 50020000 		.4byte	.LASF10
 267 007c 02       		.byte	0x2
 268 007d 0202     		.2byte	0x202
 269 007f 83000000 		.4byte	0x83
 270 0083 02       		.uleb128 0x2
 271 0084 04       		.byte	0x4
 272 0085 04       		.byte	0x4
 273 0086 77000000 		.4byte	.LASF11
ARM GAS  C:\Users\zinch\AppData\Local\Temp\cc5sZmeT.s 			page 7


 274 008a 02       		.uleb128 0x2
 275 008b 08       		.byte	0x8
 276 008c 04       		.byte	0x4
 277 008d 40000000 		.4byte	.LASF12
 278 0091 04       		.uleb128 0x4
 279 0092 9B000000 		.4byte	.LASF13
 280 0096 02       		.byte	0x2
 281 0097 0D02     		.2byte	0x20d
 282 0099 9D000000 		.4byte	0x9d
 283 009d 02       		.uleb128 0x2
 284 009e 01       		.byte	0x1
 285 009f 08       		.byte	0x8
 286 00a0 41020000 		.4byte	.LASF14
 287 00a4 02       		.uleb128 0x2
 288 00a5 08       		.byte	0x8
 289 00a6 04       		.byte	0x4
 290 00a7 58020000 		.4byte	.LASF15
 291 00ab 02       		.uleb128 0x2
 292 00ac 04       		.byte	0x4
 293 00ad 07       		.byte	0x7
 294 00ae 03020000 		.4byte	.LASF16
 295 00b2 05       		.uleb128 0x5
 296 00b3 11010000 		.4byte	.LASF39
 297 00b7 01       		.byte	0x1
 298 00b8 10       		.byte	0x10
 299 00b9 5D000000 		.4byte	0x5d
 300 00bd 00000000 		.4byte	.LFB36
 301 00c1 B8000000 		.4byte	.LFE36-.LFB36
 302 00c5 01       		.uleb128 0x1
 303 00c6 9C       		.byte	0x9c
 304 00c7 40020000 		.4byte	0x240
 305 00cb 06       		.uleb128 0x6
 306 00cc 1D010000 		.4byte	.LASF17
 307 00d0 01       		.byte	0x1
 308 00d1 12       		.byte	0x12
 309 00d2 6B000000 		.4byte	0x6b
 310 00d6 00000000 		.4byte	.LLST0
 311 00da 06       		.uleb128 0x6
 312 00db 00000000 		.4byte	.LASF18
 313 00df 01       		.byte	0x1
 314 00e0 13       		.byte	0x13
 315 00e1 6B000000 		.4byte	0x6b
 316 00e5 29000000 		.4byte	.LLST1
 317 00e9 07       		.uleb128 0x7
 318 00ea 1A000000 		.4byte	.LBB2
 319 00ee 8C000000 		.4byte	.LBE2-.LBB2
 320 00f2 12020000 		.4byte	0x212
 321 00f6 08       		.uleb128 0x8
 322 00f7 7900     		.ascii	"y\000"
 323 00f9 01       		.byte	0x1
 324 00fa 27       		.byte	0x27
 325 00fb 77000000 		.4byte	0x77
 326 00ff 52000000 		.4byte	.LLST2
 327 0103 09       		.uleb128 0x9
 328 0104 47000000 		.4byte	.LASF19
 329 0108 01       		.byte	0x1
 330 0109 28       		.byte	0x28
ARM GAS  C:\Users\zinch\AppData\Local\Temp\cc5sZmeT.s 			page 8


 331 010a 40020000 		.4byte	0x240
 332 010e 02       		.uleb128 0x2
 333 010f 91       		.byte	0x91
 334 0110 5C       		.sleb128 -36
 335 0111 0A       		.uleb128 0xa
 336 0112 1E000000 		.4byte	.LVL5
 337 0116 5F020000 		.4byte	0x25f
 338 011a 0B       		.uleb128 0xb
 339 011b 24000000 		.4byte	.LVL6
 340 011f 6A020000 		.4byte	0x26a
 341 0123 2D010000 		.4byte	0x12d
 342 0127 0C       		.uleb128 0xc
 343 0128 01       		.uleb128 0x1
 344 0129 50       		.byte	0x50
 345 012a 01       		.uleb128 0x1
 346 012b 32       		.byte	0x32
 347 012c 00       		.byte	0
 348 012d 0B       		.uleb128 0xb
 349 012e 2A000000 		.4byte	.LVL7
 350 0132 75020000 		.4byte	0x275
 351 0136 40010000 		.4byte	0x140
 352 013a 0C       		.uleb128 0xc
 353 013b 01       		.uleb128 0x1
 354 013c 50       		.byte	0x50
 355 013d 01       		.uleb128 0x1
 356 013e 30       		.byte	0x30
 357 013f 00       		.byte	0
 358 0140 0B       		.uleb128 0xb
 359 0141 3C000000 		.4byte	.LVL9
 360 0145 80020000 		.4byte	0x280
 361 0149 59010000 		.4byte	0x159
 362 014d 0C       		.uleb128 0xc
 363 014e 01       		.uleb128 0x1
 364 014f 50       		.byte	0x50
 365 0150 01       		.uleb128 0x1
 366 0151 30       		.byte	0x30
 367 0152 0C       		.uleb128 0xc
 368 0153 01       		.uleb128 0x1
 369 0154 51       		.byte	0x51
 370 0155 02       		.uleb128 0x2
 371 0156 74       		.byte	0x74
 372 0157 00       		.sleb128 0
 373 0158 00       		.byte	0
 374 0159 0B       		.uleb128 0xb
 375 015a 50000000 		.4byte	.LVL12
 376 015e 8B020000 		.4byte	0x28b
 377 0162 76010000 		.4byte	0x176
 378 0166 0C       		.uleb128 0xc
 379 0167 01       		.uleb128 0x1
 380 0168 50       		.byte	0x50
 381 0169 02       		.uleb128 0x2
 382 016a 91       		.byte	0x91
 383 016b 5C       		.sleb128 -36
 384 016c 0C       		.uleb128 0xc
 385 016d 01       		.uleb128 0x1
 386 016e 51       		.byte	0x51
 387 016f 05       		.uleb128 0x5
ARM GAS  C:\Users\zinch\AppData\Local\Temp\cc5sZmeT.s 			page 9


 388 0170 03       		.byte	0x3
 389 0171 00000000 		.4byte	.LC1
 390 0175 00       		.byte	0
 391 0176 0B       		.uleb128 0xb
 392 0177 56000000 		.4byte	.LVL13
 393 017b 96020000 		.4byte	0x296
 394 017f 8A010000 		.4byte	0x18a
 395 0183 0C       		.uleb128 0xc
 396 0184 01       		.uleb128 0x1
 397 0185 50       		.byte	0x50
 398 0186 02       		.uleb128 0x2
 399 0187 91       		.byte	0x91
 400 0188 5C       		.sleb128 -36
 401 0189 00       		.byte	0
 402 018a 0B       		.uleb128 0xb
 403 018b 5C000000 		.4byte	.LVL14
 404 018f 96020000 		.4byte	0x296
 405 0193 A1010000 		.4byte	0x1a1
 406 0197 0C       		.uleb128 0xc
 407 0198 01       		.uleb128 0x1
 408 0199 50       		.byte	0x50
 409 019a 05       		.uleb128 0x5
 410 019b 03       		.byte	0x3
 411 019c 04000000 		.4byte	.LC3
 412 01a0 00       		.byte	0
 413 01a1 0A       		.uleb128 0xa
 414 01a2 60000000 		.4byte	.LVL15
 415 01a6 A2020000 		.4byte	0x2a2
 416 01aa 0A       		.uleb128 0xa
 417 01ab 68000000 		.4byte	.LVL16
 418 01af AD020000 		.4byte	0x2ad
 419 01b3 0B       		.uleb128 0xb
 420 01b4 7E000000 		.4byte	.LVL19
 421 01b8 B8020000 		.4byte	0x2b8
 422 01bc C6010000 		.4byte	0x1c6
 423 01c0 0C       		.uleb128 0xc
 424 01c1 01       		.uleb128 0x1
 425 01c2 50       		.byte	0x50
 426 01c3 01       		.uleb128 0x1
 427 01c4 30       		.byte	0x30
 428 01c5 00       		.byte	0
 429 01c6 0B       		.uleb128 0xb
 430 01c7 84000000 		.4byte	.LVL20
 431 01cb C3020000 		.4byte	0x2c3
 432 01cf D9010000 		.4byte	0x1d9
 433 01d3 0C       		.uleb128 0xc
 434 01d4 01       		.uleb128 0x1
 435 01d5 50       		.byte	0x50
 436 01d6 01       		.uleb128 0x1
 437 01d7 31       		.byte	0x31
 438 01d8 00       		.byte	0
 439 01d9 0B       		.uleb128 0xb
 440 01da 92000000 		.4byte	.LVL24
 441 01de C3020000 		.4byte	0x2c3
 442 01e2 EC010000 		.4byte	0x1ec
 443 01e6 0C       		.uleb128 0xc
 444 01e7 01       		.uleb128 0x1
ARM GAS  C:\Users\zinch\AppData\Local\Temp\cc5sZmeT.s 			page 10


 445 01e8 50       		.byte	0x50
 446 01e9 01       		.uleb128 0x1
 447 01ea 30       		.byte	0x30
 448 01eb 00       		.byte	0
 449 01ec 0B       		.uleb128 0xb
 450 01ed 98000000 		.4byte	.LVL25
 451 01f1 B8020000 		.4byte	0x2b8
 452 01f5 FF010000 		.4byte	0x1ff
 453 01f9 0C       		.uleb128 0xc
 454 01fa 01       		.uleb128 0x1
 455 01fb 50       		.byte	0x50
 456 01fc 01       		.uleb128 0x1
 457 01fd 31       		.byte	0x31
 458 01fe 00       		.byte	0
 459 01ff 0A       		.uleb128 0xa
 460 0200 A2000000 		.4byte	.LVL29
 461 0204 CE020000 		.4byte	0x2ce
 462 0208 0A       		.uleb128 0xa
 463 0209 A6000000 		.4byte	.LVL30
 464 020d D9020000 		.4byte	0x2d9
 465 0211 00       		.byte	0
 466 0212 0A       		.uleb128 0xa
 467 0213 0A000000 		.4byte	.LVL0
 468 0217 E4020000 		.4byte	0x2e4
 469 021b 0A       		.uleb128 0xa
 470 021c 0E000000 		.4byte	.LVL1
 471 0220 EF020000 		.4byte	0x2ef
 472 0224 0A       		.uleb128 0xa
 473 0225 12000000 		.4byte	.LVL2
 474 0229 FA020000 		.4byte	0x2fa
 475 022d 0A       		.uleb128 0xa
 476 022e 16000000 		.4byte	.LVL3
 477 0232 D9020000 		.4byte	0x2d9
 478 0236 0A       		.uleb128 0xa
 479 0237 1A000000 		.4byte	.LVL4
 480 023b 05030000 		.4byte	0x305
 481 023f 00       		.byte	0
 482 0240 0D       		.uleb128 0xd
 483 0241 91000000 		.4byte	0x91
 484 0245 50020000 		.4byte	0x250
 485 0249 0E       		.uleb128 0xe
 486 024a AB000000 		.4byte	0xab
 487 024e 13       		.byte	0x13
 488 024f 00       		.byte	0
 489 0250 0F       		.uleb128 0xf
 490 0251 7800     		.ascii	"x\000"
 491 0253 01       		.byte	0x1
 492 0254 0E       		.byte	0xe
 493 0255 83000000 		.4byte	0x83
 494 0259 05       		.uleb128 0x5
 495 025a 03       		.byte	0x3
 496 025b 00000000 		.4byte	x
 497 025f 10       		.uleb128 0x10
 498 0260 70020000 		.4byte	.LASF20
 499 0264 70020000 		.4byte	.LASF20
 500 0268 03       		.byte	0x3
 501 0269 9D       		.byte	0x9d
ARM GAS  C:\Users\zinch\AppData\Local\Temp\cc5sZmeT.s 			page 11


 502 026a 10       		.uleb128 0x10
 503 026b A1000000 		.4byte	.LASF21
 504 026f A1000000 		.4byte	.LASF21
 505 0273 03       		.byte	0x3
 506 0274 9F       		.byte	0x9f
 507 0275 10       		.uleb128 0x10
 508 0276 D3000000 		.4byte	.LASF22
 509 027a D3000000 		.4byte	.LASF22
 510 027e 03       		.byte	0x3
 511 027f A0       		.byte	0xa0
 512 0280 10       		.uleb128 0x10
 513 0281 23000000 		.4byte	.LASF23
 514 0285 23000000 		.4byte	.LASF23
 515 0289 03       		.byte	0x3
 516 028a AC       		.byte	0xac
 517 028b 10       		.uleb128 0x10
 518 028c C7020000 		.4byte	.LASF24
 519 0290 C7020000 		.4byte	.LASF24
 520 0294 04       		.byte	0x4
 521 0295 E7       		.byte	0xe7
 522 0296 11       		.uleb128 0x11
 523 0297 64000000 		.4byte	.LASF25
 524 029b 64000000 		.4byte	.LASF25
 525 029f 05       		.byte	0x5
 526 02a0 2A03     		.2byte	0x32a
 527 02a2 10       		.uleb128 0x10
 528 02a3 8B000000 		.4byte	.LASF26
 529 02a7 8B000000 		.4byte	.LASF26
 530 02ab 06       		.byte	0x6
 531 02ac 9E       		.byte	0x9e
 532 02ad 10       		.uleb128 0x10
 533 02ae 4C000000 		.4byte	.LASF27
 534 02b2 4C000000 		.4byte	.LASF27
 535 02b6 07       		.byte	0x7
 536 02b7 E2       		.byte	0xe2
 537 02b8 10       		.uleb128 0x10
 538 02b9 17000000 		.4byte	.LASF28
 539 02bd 17000000 		.4byte	.LASF28
 540 02c1 08       		.byte	0x8
 541 02c2 33       		.byte	0x33
 542 02c3 10       		.uleb128 0x10
 543 02c4 0D000000 		.4byte	.LASF29
 544 02c8 0D000000 		.4byte	.LASF29
 545 02cc 09       		.byte	0x9
 546 02cd 33       		.byte	0x33
 547 02ce 10       		.uleb128 0x10
 548 02cf 0C020000 		.4byte	.LASF30
 549 02d3 0C020000 		.4byte	.LASF30
 550 02d7 07       		.byte	0x7
 551 02d8 AF       		.byte	0xaf
 552 02d9 10       		.uleb128 0x10
 553 02da F5000000 		.4byte	.LASF31
 554 02de F5000000 		.4byte	.LASF31
 555 02e2 06       		.byte	0x6
 556 02e3 A1       		.byte	0xa1
 557 02e4 10       		.uleb128 0x10
 558 02e5 C8000000 		.4byte	.LASF32
ARM GAS  C:\Users\zinch\AppData\Local\Temp\cc5sZmeT.s 			page 12


 559 02e9 C8000000 		.4byte	.LASF32
 560 02ed 0A       		.byte	0xa
 561 02ee 72       		.byte	0x72
 562 02ef 10       		.uleb128 0x10
 563 02f0 CF020000 		.4byte	.LASF33
 564 02f4 CF020000 		.4byte	.LASF33
 565 02f8 06       		.byte	0x6
 566 02f9 98       		.byte	0x98
 567 02fa 10       		.uleb128 0x10
 568 02fb E3010000 		.4byte	.LASF34
 569 02ff E3010000 		.4byte	.LASF34
 570 0303 07       		.byte	0x7
 571 0304 AB       		.byte	0xab
 572 0305 10       		.uleb128 0x10
 573 0306 4B010000 		.4byte	.LASF35
 574 030a 4B010000 		.4byte	.LASF35
 575 030e 03       		.byte	0x3
 576 030f 99       		.byte	0x99
 577 0310 00       		.byte	0
 578              		.section	.debug_abbrev,"",%progbits
 579              	.Ldebug_abbrev0:
 580 0000 01       		.uleb128 0x1
 581 0001 11       		.uleb128 0x11
 582 0002 01       		.byte	0x1
 583 0003 25       		.uleb128 0x25
 584 0004 0E       		.uleb128 0xe
 585 0005 13       		.uleb128 0x13
 586 0006 0B       		.uleb128 0xb
 587 0007 03       		.uleb128 0x3
 588 0008 0E       		.uleb128 0xe
 589 0009 1B       		.uleb128 0x1b
 590 000a 0E       		.uleb128 0xe
 591 000b 55       		.uleb128 0x55
 592 000c 17       		.uleb128 0x17
 593 000d 11       		.uleb128 0x11
 594 000e 01       		.uleb128 0x1
 595 000f 10       		.uleb128 0x10
 596 0010 17       		.uleb128 0x17
 597 0011 00       		.byte	0
 598 0012 00       		.byte	0
 599 0013 02       		.uleb128 0x2
 600 0014 24       		.uleb128 0x24
 601 0015 00       		.byte	0
 602 0016 0B       		.uleb128 0xb
 603 0017 0B       		.uleb128 0xb
 604 0018 3E       		.uleb128 0x3e
 605 0019 0B       		.uleb128 0xb
 606 001a 03       		.uleb128 0x3
 607 001b 0E       		.uleb128 0xe
 608 001c 00       		.byte	0
 609 001d 00       		.byte	0
 610 001e 03       		.uleb128 0x3
 611 001f 24       		.uleb128 0x24
 612 0020 00       		.byte	0
 613 0021 0B       		.uleb128 0xb
 614 0022 0B       		.uleb128 0xb
 615 0023 3E       		.uleb128 0x3e
ARM GAS  C:\Users\zinch\AppData\Local\Temp\cc5sZmeT.s 			page 13


 616 0024 0B       		.uleb128 0xb
 617 0025 03       		.uleb128 0x3
 618 0026 08       		.uleb128 0x8
 619 0027 00       		.byte	0
 620 0028 00       		.byte	0
 621 0029 04       		.uleb128 0x4
 622 002a 16       		.uleb128 0x16
 623 002b 00       		.byte	0
 624 002c 03       		.uleb128 0x3
 625 002d 0E       		.uleb128 0xe
 626 002e 3A       		.uleb128 0x3a
 627 002f 0B       		.uleb128 0xb
 628 0030 3B       		.uleb128 0x3b
 629 0031 05       		.uleb128 0x5
 630 0032 49       		.uleb128 0x49
 631 0033 13       		.uleb128 0x13
 632 0034 00       		.byte	0
 633 0035 00       		.byte	0
 634 0036 05       		.uleb128 0x5
 635 0037 2E       		.uleb128 0x2e
 636 0038 01       		.byte	0x1
 637 0039 3F       		.uleb128 0x3f
 638 003a 19       		.uleb128 0x19
 639 003b 03       		.uleb128 0x3
 640 003c 0E       		.uleb128 0xe
 641 003d 3A       		.uleb128 0x3a
 642 003e 0B       		.uleb128 0xb
 643 003f 3B       		.uleb128 0x3b
 644 0040 0B       		.uleb128 0xb
 645 0041 27       		.uleb128 0x27
 646 0042 19       		.uleb128 0x19
 647 0043 49       		.uleb128 0x49
 648 0044 13       		.uleb128 0x13
 649 0045 8701     		.uleb128 0x87
 650 0047 19       		.uleb128 0x19
 651 0048 11       		.uleb128 0x11
 652 0049 01       		.uleb128 0x1
 653 004a 12       		.uleb128 0x12
 654 004b 06       		.uleb128 0x6
 655 004c 40       		.uleb128 0x40
 656 004d 18       		.uleb128 0x18
 657 004e 9642     		.uleb128 0x2116
 658 0050 19       		.uleb128 0x19
 659 0051 01       		.uleb128 0x1
 660 0052 13       		.uleb128 0x13
 661 0053 00       		.byte	0
 662 0054 00       		.byte	0
 663 0055 06       		.uleb128 0x6
 664 0056 34       		.uleb128 0x34
 665 0057 00       		.byte	0
 666 0058 03       		.uleb128 0x3
 667 0059 0E       		.uleb128 0xe
 668 005a 3A       		.uleb128 0x3a
 669 005b 0B       		.uleb128 0xb
 670 005c 3B       		.uleb128 0x3b
 671 005d 0B       		.uleb128 0xb
 672 005e 49       		.uleb128 0x49
ARM GAS  C:\Users\zinch\AppData\Local\Temp\cc5sZmeT.s 			page 14


 673 005f 13       		.uleb128 0x13
 674 0060 02       		.uleb128 0x2
 675 0061 17       		.uleb128 0x17
 676 0062 00       		.byte	0
 677 0063 00       		.byte	0
 678 0064 07       		.uleb128 0x7
 679 0065 0B       		.uleb128 0xb
 680 0066 01       		.byte	0x1
 681 0067 11       		.uleb128 0x11
 682 0068 01       		.uleb128 0x1
 683 0069 12       		.uleb128 0x12
 684 006a 06       		.uleb128 0x6
 685 006b 01       		.uleb128 0x1
 686 006c 13       		.uleb128 0x13
 687 006d 00       		.byte	0
 688 006e 00       		.byte	0
 689 006f 08       		.uleb128 0x8
 690 0070 34       		.uleb128 0x34
 691 0071 00       		.byte	0
 692 0072 03       		.uleb128 0x3
 693 0073 08       		.uleb128 0x8
 694 0074 3A       		.uleb128 0x3a
 695 0075 0B       		.uleb128 0xb
 696 0076 3B       		.uleb128 0x3b
 697 0077 0B       		.uleb128 0xb
 698 0078 49       		.uleb128 0x49
 699 0079 13       		.uleb128 0x13
 700 007a 02       		.uleb128 0x2
 701 007b 17       		.uleb128 0x17
 702 007c 00       		.byte	0
 703 007d 00       		.byte	0
 704 007e 09       		.uleb128 0x9
 705 007f 34       		.uleb128 0x34
 706 0080 00       		.byte	0
 707 0081 03       		.uleb128 0x3
 708 0082 0E       		.uleb128 0xe
 709 0083 3A       		.uleb128 0x3a
 710 0084 0B       		.uleb128 0xb
 711 0085 3B       		.uleb128 0x3b
 712 0086 0B       		.uleb128 0xb
 713 0087 49       		.uleb128 0x49
 714 0088 13       		.uleb128 0x13
 715 0089 02       		.uleb128 0x2
 716 008a 18       		.uleb128 0x18
 717 008b 00       		.byte	0
 718 008c 00       		.byte	0
 719 008d 0A       		.uleb128 0xa
 720 008e 898201   		.uleb128 0x4109
 721 0091 00       		.byte	0
 722 0092 11       		.uleb128 0x11
 723 0093 01       		.uleb128 0x1
 724 0094 31       		.uleb128 0x31
 725 0095 13       		.uleb128 0x13
 726 0096 00       		.byte	0
 727 0097 00       		.byte	0
 728 0098 0B       		.uleb128 0xb
 729 0099 898201   		.uleb128 0x4109
ARM GAS  C:\Users\zinch\AppData\Local\Temp\cc5sZmeT.s 			page 15


 730 009c 01       		.byte	0x1
 731 009d 11       		.uleb128 0x11
 732 009e 01       		.uleb128 0x1
 733 009f 31       		.uleb128 0x31
 734 00a0 13       		.uleb128 0x13
 735 00a1 01       		.uleb128 0x1
 736 00a2 13       		.uleb128 0x13
 737 00a3 00       		.byte	0
 738 00a4 00       		.byte	0
 739 00a5 0C       		.uleb128 0xc
 740 00a6 8A8201   		.uleb128 0x410a
 741 00a9 00       		.byte	0
 742 00aa 02       		.uleb128 0x2
 743 00ab 18       		.uleb128 0x18
 744 00ac 9142     		.uleb128 0x2111
 745 00ae 18       		.uleb128 0x18
 746 00af 00       		.byte	0
 747 00b0 00       		.byte	0
 748 00b1 0D       		.uleb128 0xd
 749 00b2 01       		.uleb128 0x1
 750 00b3 01       		.byte	0x1
 751 00b4 49       		.uleb128 0x49
 752 00b5 13       		.uleb128 0x13
 753 00b6 01       		.uleb128 0x1
 754 00b7 13       		.uleb128 0x13
 755 00b8 00       		.byte	0
 756 00b9 00       		.byte	0
 757 00ba 0E       		.uleb128 0xe
 758 00bb 21       		.uleb128 0x21
 759 00bc 00       		.byte	0
 760 00bd 49       		.uleb128 0x49
 761 00be 13       		.uleb128 0x13
 762 00bf 2F       		.uleb128 0x2f
 763 00c0 0B       		.uleb128 0xb
 764 00c1 00       		.byte	0
 765 00c2 00       		.byte	0
 766 00c3 0F       		.uleb128 0xf
 767 00c4 34       		.uleb128 0x34
 768 00c5 00       		.byte	0
 769 00c6 03       		.uleb128 0x3
 770 00c7 08       		.uleb128 0x8
 771 00c8 3A       		.uleb128 0x3a
 772 00c9 0B       		.uleb128 0xb
 773 00ca 3B       		.uleb128 0x3b
 774 00cb 0B       		.uleb128 0xb
 775 00cc 49       		.uleb128 0x49
 776 00cd 13       		.uleb128 0x13
 777 00ce 3F       		.uleb128 0x3f
 778 00cf 19       		.uleb128 0x19
 779 00d0 02       		.uleb128 0x2
 780 00d1 18       		.uleb128 0x18
 781 00d2 00       		.byte	0
 782 00d3 00       		.byte	0
 783 00d4 10       		.uleb128 0x10
 784 00d5 2E       		.uleb128 0x2e
 785 00d6 00       		.byte	0
 786 00d7 3F       		.uleb128 0x3f
ARM GAS  C:\Users\zinch\AppData\Local\Temp\cc5sZmeT.s 			page 16


 787 00d8 19       		.uleb128 0x19
 788 00d9 3C       		.uleb128 0x3c
 789 00da 19       		.uleb128 0x19
 790 00db 6E       		.uleb128 0x6e
 791 00dc 0E       		.uleb128 0xe
 792 00dd 03       		.uleb128 0x3
 793 00de 0E       		.uleb128 0xe
 794 00df 3A       		.uleb128 0x3a
 795 00e0 0B       		.uleb128 0xb
 796 00e1 3B       		.uleb128 0x3b
 797 00e2 0B       		.uleb128 0xb
 798 00e3 00       		.byte	0
 799 00e4 00       		.byte	0
 800 00e5 11       		.uleb128 0x11
 801 00e6 2E       		.uleb128 0x2e
 802 00e7 00       		.byte	0
 803 00e8 3F       		.uleb128 0x3f
 804 00e9 19       		.uleb128 0x19
 805 00ea 3C       		.uleb128 0x3c
 806 00eb 19       		.uleb128 0x19
 807 00ec 6E       		.uleb128 0x6e
 808 00ed 0E       		.uleb128 0xe
 809 00ee 03       		.uleb128 0x3
 810 00ef 0E       		.uleb128 0xe
 811 00f0 3A       		.uleb128 0x3a
 812 00f1 0B       		.uleb128 0xb
 813 00f2 3B       		.uleb128 0x3b
 814 00f3 05       		.uleb128 0x5
 815 00f4 00       		.byte	0
 816 00f5 00       		.byte	0
 817 00f6 00       		.byte	0
 818              		.section	.debug_loc,"",%progbits
 819              	.Ldebug_loc0:
 820              	.LLST0:
 821 0000 6A000000 		.4byte	.LVL17
 822 0004 7A000000 		.4byte	.LVL18
 823 0008 0100     		.2byte	0x1
 824 000a 50       		.byte	0x50
 825 000b 88000000 		.4byte	.LVL22
 826 000f 8E000000 		.4byte	.LVL23
 827 0013 0100     		.2byte	0x1
 828 0015 50       		.byte	0x50
 829 0016 9C000000 		.4byte	.LVL27
 830 001a 9E000000 		.4byte	.LVL28
 831 001e 0100     		.2byte	0x1
 832 0020 50       		.byte	0x50
 833 0021 00000000 		.4byte	0
 834 0025 00000000 		.4byte	0
 835              	.LLST1:
 836 0029 1A000000 		.4byte	.LVL4
 837 002d 86000000 		.4byte	.LVL21
 838 0031 0100     		.2byte	0x1
 839 0033 55       		.byte	0x55
 840 0034 88000000 		.4byte	.LVL22
 841 0038 9A000000 		.4byte	.LVL26
 842 003c 0100     		.2byte	0x1
 843 003e 55       		.byte	0x55
ARM GAS  C:\Users\zinch\AppData\Local\Temp\cc5sZmeT.s 			page 17


 844 003f 9C000000 		.4byte	.LVL27
 845 0043 B8000000 		.4byte	.LFE36
 846 0047 0100     		.2byte	0x1
 847 0049 55       		.byte	0x55
 848 004a 00000000 		.4byte	0
 849 004e 00000000 		.4byte	0
 850              	.LLST2:
 851 0052 40000000 		.4byte	.LVL10
 852 0056 43000000 		.4byte	.LVL11-1
 853 005a 0100     		.2byte	0x1
 854 005c 50       		.byte	0x50
 855 005d 00000000 		.4byte	0
 856 0061 00000000 		.4byte	0
 857              		.section	.debug_aranges,"",%progbits
 858 0000 1C000000 		.4byte	0x1c
 859 0004 0200     		.2byte	0x2
 860 0006 00000000 		.4byte	.Ldebug_info0
 861 000a 04       		.byte	0x4
 862 000b 00       		.byte	0
 863 000c 0000     		.2byte	0
 864 000e 0000     		.2byte	0
 865 0010 00000000 		.4byte	.LFB36
 866 0014 B8000000 		.4byte	.LFE36-.LFB36
 867 0018 00000000 		.4byte	0
 868 001c 00000000 		.4byte	0
 869              		.section	.debug_ranges,"",%progbits
 870              	.Ldebug_ranges0:
 871 0000 00000000 		.4byte	.LFB36
 872 0004 B8000000 		.4byte	.LFE36
 873 0008 00000000 		.4byte	0
 874 000c 00000000 		.4byte	0
 875              		.section	.debug_line,"",%progbits
 876              	.Ldebug_line0:
 877 0000 48010000 		.section	.debug_str,"MS",%progbits,1
 877      02000F01 
 877      00000201 
 877      FB0E0D00 
 877      01010101 
 878              	.LASF18:
 879 0000 6F6C6473 		.ascii	"oldsliderval\000"
 879      6C696465 
 879      7276616C 
 879      00
 880              	.LASF29:
 881 000d 5265645F 		.ascii	"Red_Write\000"
 881      57726974 
 881      6500
 882              	.LASF28:
 883 0017 47726565 		.ascii	"Green_Write\000"
 883      6E5F5772 
 883      69746500 
 884              	.LASF23:
 885 0023 4144435F 		.ascii	"ADC_CountsTo_mVolts\000"
 885      436F756E 
 885      7473546F 
 885      5F6D566F 
 885      6C747300 
ARM GAS  C:\Users\zinch\AppData\Local\Temp\cc5sZmeT.s 			page 18


 886              	.LASF4:
 887 0037 6C6F6E67 		.ascii	"long int\000"
 887      20696E74 
 887      00
 888              	.LASF12:
 889 0040 646F7562 		.ascii	"double\000"
 889      6C6500
 890              	.LASF19:
 891 0047 74657874 		.ascii	"text\000"
 891      00
 892              	.LASF27:
 893 004c 43617053 		.ascii	"CapSense_GetCentroidPos\000"
 893      656E7365 
 893      5F476574 
 893      43656E74 
 893      726F6964 
 894              	.LASF25:
 895 0064 55415254 		.ascii	"UART_UartPutString\000"
 895      5F556172 
 895      74507574 
 895      53747269 
 895      6E6700
 896              	.LASF11:
 897 0077 666C6F61 		.ascii	"float\000"
 897      7400
 898              	.LASF1:
 899 007d 756E7369 		.ascii	"unsigned char\000"
 899      676E6564 
 899      20636861 
 899      7200
 900              	.LASF26:
 901 008b 43617053 		.ascii	"CapSense_IsBusy\000"
 901      656E7365 
 901      5F497342 
 901      75737900 
 902              	.LASF13:
 903 009b 63686172 		.ascii	"char8\000"
 903      3800
 904              	.LASF21:
 905 00a1 4144435F 		.ascii	"ADC_IsEndConversion\000"
 905      4973456E 
 905      64436F6E 
 905      76657273 
 905      696F6E00 
 906              	.LASF3:
 907 00b5 73686F72 		.ascii	"short unsigned int\000"
 907      7420756E 
 907      7369676E 
 907      65642069 
 907      6E7400
 908              	.LASF32:
 909 00c8 55415254 		.ascii	"UART_Start\000"
 909      5F537461 
 909      727400
 910              	.LASF22:
 911 00d3 4144435F 		.ascii	"ADC_GetResult16\000"
 911      47657452 
ARM GAS  C:\Users\zinch\AppData\Local\Temp\cc5sZmeT.s 			page 19


 911      6573756C 
 911      74313600 
 912              	.LASF5:
 913 00e3 6C6F6E67 		.ascii	"long unsigned int\000"
 913      20756E73 
 913      69676E65 
 913      6420696E 
 913      7400
 914              	.LASF31:
 915 00f5 43617053 		.ascii	"CapSense_ScanEnabledWidgets\000"
 915      656E7365 
 915      5F536361 
 915      6E456E61 
 915      626C6564 
 916              	.LASF39:
 917 0111 6D61696E 		.ascii	"main\000"
 917      00
 918              	.LASF9:
 919 0116 75696E74 		.ascii	"uint16\000"
 919      313600
 920              	.LASF17:
 921 011d 736C6964 		.ascii	"sliderval\000"
 921      65727661 
 921      6C00
 922              	.LASF8:
 923 0127 756E7369 		.ascii	"unsigned int\000"
 923      676E6564 
 923      20696E74 
 923      00
 924              	.LASF7:
 925 0134 6C6F6E67 		.ascii	"long long unsigned int\000"
 925      206C6F6E 
 925      6720756E 
 925      7369676E 
 925      65642069 
 926              	.LASF35:
 927 014b 4144435F 		.ascii	"ADC_Start\000"
 927      53746172 
 927      7400
 928              	.LASF36:
 929 0155 474E5520 		.ascii	"GNU C11 5.4.1 20160609 (release) [ARM/embedded-5-br"
 929      43313120 
 929      352E342E 
 929      31203230 
 929      31363036 
 930 0188 616E6368 		.ascii	"anch revision 237715] -mcpu=cortex-m0 -mthumb -g -O"
 930      20726576 
 930      6973696F 
 930      6E203233 
 930      37373135 
 931 01bb 67202D66 		.ascii	"g -ffunction-sections -ffat-lto-objects\000"
 931      66756E63 
 931      74696F6E 
 931      2D736563 
 931      74696F6E 
 932              	.LASF34:
 933 01e3 43617053 		.ascii	"CapSense_InitializeAllBaselines\000"
ARM GAS  C:\Users\zinch\AppData\Local\Temp\cc5sZmeT.s 			page 20


 933      656E7365 
 933      5F496E69 
 933      7469616C 
 933      697A6541 
 934              	.LASF16:
 935 0203 73697A65 		.ascii	"sizetype\000"
 935      74797065 
 935      00
 936              	.LASF30:
 937 020c 43617053 		.ascii	"CapSense_UpdateEnabledBaselines\000"
 937      656E7365 
 937      5F557064 
 937      61746545 
 937      6E61626C 
 938              	.LASF6:
 939 022c 6C6F6E67 		.ascii	"long long int\000"
 939      206C6F6E 
 939      6720696E 
 939      7400
 940              	.LASF37:
 941 023a 6D61696E 		.ascii	"main.c\000"
 941      2E6300
 942              	.LASF14:
 943 0241 63686172 		.ascii	"char\000"
 943      00
 944              	.LASF2:
 945 0246 73686F72 		.ascii	"short int\000"
 945      7420696E 
 945      7400
 946              	.LASF10:
 947 0250 666C6F61 		.ascii	"float32\000"
 947      74333200 
 948              	.LASF15:
 949 0258 6C6F6E67 		.ascii	"long double\000"
 949      20646F75 
 949      626C6500 
 950              	.LASF0:
 951 0264 7369676E 		.ascii	"signed char\000"
 951      65642063 
 951      68617200 
 952              	.LASF20:
 953 0270 4144435F 		.ascii	"ADC_StartConvert\000"
 953      53746172 
 953      74436F6E 
 953      76657274 
 953      00
 954              	.LASF38:
 955 0281 433A5C55 		.ascii	"C:\\Users\\zinch\\Documents\\PSoC Creator\\Workspac"
 955      73657273 
 955      5C7A696E 
 955      63685C44 
 955      6F63756D 
 956 02af 6530315C 		.ascii	"e01\\VoiceRepeater.cydsn\000"
 956      566F6963 
 956      65526570 
 956      65617465 
 956      722E6379 
ARM GAS  C:\Users\zinch\AppData\Local\Temp\cc5sZmeT.s 			page 21


 957              	.LASF24:
 958 02c7 73707269 		.ascii	"sprintf\000"
 958      6E746600 
 959              	.LASF33:
 960 02cf 43617053 		.ascii	"CapSense_Start\000"
 960      656E7365 
 960      5F537461 
 960      727400
 961              		.ident	"GCC: (GNU Tools for ARM Embedded Processors) 5.4.1 20160609 (release) [ARM/embedded-5-bran
